<?xml version="1.0" encoding="UTF-8"?>
<!-- Generated by org.testng.reporters.JUnitReportReporter -->
<testsuite hostname="Deadpool" failures="0" tests="1" name="com.webappsecurity.zero.TestScriptsp.VerifyFundTransferTestP" time="28.928" errors="0" timestamp="2020-09-14T17:47:54 EDT" skipped="0">
  <testcase classname="com.webappsecurity.zero.TestScriptsp.VerifyFundTransferTestP" name="verifyFundTransfer" time="28.928"/>
</testsuite> <!-- com.webappsecurity.zero.TestScriptsp.VerifyFundTransferTestP -->
